<?xml version="1.0" encoding="UTF-8"?>
<robot generator="Robot 6.0.2 (Python 3.11.2 on win32)" generated="20230526 15:22:27.538" rpa="false" schemaversion="3">
<suite id="s1" name="Test Cases" source="c:\Users\Grigorii_Shakhin\Documents\Python Scripts\TA_python_epam\homeworks\grigorii_shakhin_ta_python\module16\test_cases.robot">
<test id="s1-t1" name="Test Add Product To Cart" line="28">
<kw name="Run Keywords" library="BuiltIn" type="SETUP">
<arg>${driver} Open Browser</arg>
<arg>https://www.demoblaze.com/</arg>
<arg>Chrome</arg>
<arg>AND</arg>
<arg>Set Selenium Speed</arg>
<arg>0.5s</arg>
<arg>AND</arg>
<arg>Maximize Browser Window</arg>
<doc>Executes all the given keywords in a sequence.</doc>
<kw name="Open Browser" library="SeleniumLibrary">
<arg>https://www.demoblaze.com/</arg>
<arg>Chrome</arg>
<doc>Opens a new browser instance to the optional ``url``.</doc>
<msg timestamp="20230526 15:22:27.708" level="INFO">Opening browser 'Chrome' to base url 'https://www.demoblaze.com/'.</msg>
<status status="PASS" starttime="20230526 15:22:27.707" endtime="20230526 15:22:29.503"/>
</kw>
<kw name="Set Selenium Speed" library="SeleniumLibrary">
<arg>0.5s</arg>
<doc>Sets the delay that is waited after each Selenium command.</doc>
<status status="PASS" starttime="20230526 15:22:29.504" endtime="20230526 15:22:29.504"/>
</kw>
<kw name="Maximize Browser Window" library="SeleniumLibrary">
<doc>Maximizes current browser window.</doc>
<status status="PASS" starttime="20230526 15:22:29.505" endtime="20230526 15:22:30.139"/>
</kw>
<status status="PASS" starttime="20230526 15:22:27.705" endtime="20230526 15:22:30.139"/>
</kw>
<kw name="Click Login Button">
<kw name="Click Element" library="SeleniumLibrary">
<arg>css=#login2</arg>
<doc>Click the element identified by ``locator``.</doc>
<msg timestamp="20230526 15:22:30.141" level="INFO">Clicking element 'css=#login2'.</msg>
<status status="PASS" starttime="20230526 15:22:30.140" endtime="20230526 15:22:31.174"/>
</kw>
<status status="PASS" starttime="20230526 15:22:30.140" endtime="20230526 15:22:31.174"/>
</kw>
<kw name="Wait Until Element Is Visible" library="SeleniumLibrary">
<arg>css=#loginusername</arg>
<doc>Waits until the element ``locator`` is visible.</doc>
<status status="PASS" starttime="20230526 15:22:31.175" endtime="20230526 15:22:32.194"/>
</kw>
<kw name="Wait Until Element Is Visible" library="SeleniumLibrary">
<arg>css=#loginpassword</arg>
<doc>Waits until the element ``locator`` is visible.</doc>
<status status="PASS" starttime="20230526 15:22:32.194" endtime="20230526 15:22:33.214"/>
</kw>
<kw name="Login">
<kw name="Input Text" library="SeleniumLibrary">
<arg>css=#loginusername</arg>
<arg>${user_login}</arg>
<doc>Types the given ``text`` into the text field identified by ``locator``.</doc>
<msg timestamp="20230526 15:22:33.215" level="INFO">Typing text 'gryundelb@gmail.com' into text field 'css=#loginusername'.</msg>
<status status="PASS" starttime="20230526 15:22:33.215" endtime="20230526 15:22:34.776"/>
</kw>
<kw name="Input Text" library="SeleniumLibrary">
<arg>css=#loginpassword</arg>
<arg>${user_password}</arg>
<doc>Types the given ``text`` into the text field identified by ``locator``.</doc>
<msg timestamp="20230526 15:22:34.777" level="INFO">Typing text 'Password1' into text field 'css=#loginpassword'.</msg>
<status status="PASS" starttime="20230526 15:22:34.776" endtime="20230526 15:22:36.334"/>
</kw>
<kw name="Click Button" library="SeleniumLibrary">
<arg>//button[text()='Log in']</arg>
<doc>Clicks the button identified by ``locator``.</doc>
<msg timestamp="20230526 15:22:36.335" level="INFO">Clicking button '//button[text()='Log in']'.</msg>
<status status="PASS" starttime="20230526 15:22:36.334" endtime="20230526 15:22:38.883"/>
</kw>
<status status="PASS" starttime="20230526 15:22:33.214" endtime="20230526 15:22:38.883"/>
</kw>
<kw name="Open Monitors Category">
<kw name="Click Link" library="SeleniumLibrary">
<arg>//a[text()='Monitors']</arg>
<doc>Clicks a link identified by ``locator``.</doc>
<msg timestamp="20230526 15:22:38.884" level="INFO">Clicking link '//a[text()='Monitors']'.</msg>
<status status="PASS" starttime="20230526 15:22:38.884" endtime="20230526 15:22:40.428"/>
</kw>
<status status="PASS" starttime="20230526 15:22:38.884" endtime="20230526 15:22:40.428"/>
</kw>
<kw name="Get Highest Price Monitor" library="custom_keywords">
<var>${product_info}</var>
<msg timestamp="20230526 15:22:47.955" level="INFO">${product_info} = {'name': 'Apple monitor 24', 'price': '$400'}</msg>
<status status="PASS" starttime="20230526 15:22:40.429" endtime="20230526 15:22:47.955"/>
</kw>
<kw name="Click Add To Cart Button">
<kw name="Click Link" library="SeleniumLibrary">
<arg>//a[text()='Add to cart']</arg>
<doc>Clicks a link identified by ``locator``.</doc>
<msg timestamp="20230526 15:22:47.958" level="INFO">Clicking link '//a[text()='Add to cart']'.</msg>
<status status="PASS" starttime="20230526 15:22:47.957" endtime="20230526 15:22:49.500"/>
</kw>
<kw name="Handle Alert" library="SeleniumLibrary">
<arg>ACCEPT</arg>
<doc>Handles the current alert and returns its message.</doc>
<msg timestamp="20230526 15:22:49.500" level="INFO">HANDLE::&lt;class 'NoneType'&gt;::None</msg>
<status status="PASS" starttime="20230526 15:22:49.500" endtime="20230526 15:22:51.007"/>
</kw>
<status status="PASS" starttime="20230526 15:22:47.957" endtime="20230526 15:22:51.007"/>
</kw>
<kw name="Click Cart Button">
<kw name="Click Link" library="SeleniumLibrary">
<arg>css=#cartur</arg>
<doc>Clicks a link identified by ``locator``.</doc>
<msg timestamp="20230526 15:22:51.009" level="INFO">Clicking link 'css=#cartur'.</msg>
<status status="PASS" starttime="20230526 15:22:51.009" endtime="20230526 15:22:52.905"/>
</kw>
<status status="PASS" starttime="20230526 15:22:51.008" endtime="20230526 15:22:52.905"/>
</kw>
<kw name="Wait Until Element Is Visible" library="SeleniumLibrary">
<arg>css=.success</arg>
<doc>Waits until the element ``locator`` is visible.</doc>
<status status="PASS" starttime="20230526 15:22:52.907" endtime="20230526 15:22:54.629"/>
</kw>
<kw name="Get Product Info">
<var>${cart_product_info}</var>
<kw name="Get Text" library="SeleniumLibrary">
<var>${name}</var>
<arg>xpath=.//td[2]</arg>
<doc>Returns the text value of the element identified by ``locator``.</doc>
<msg timestamp="20230526 15:22:55.649" level="INFO">${name} = Apple monitor 24</msg>
<status status="PASS" starttime="20230526 15:22:54.630" endtime="20230526 15:22:55.649"/>
</kw>
<kw name="Get Text" library="SeleniumLibrary">
<var>${price}</var>
<arg>xpath=.//td[3]</arg>
<doc>Returns the text value of the element identified by ``locator``.</doc>
<msg timestamp="20230526 15:22:56.671" level="INFO">${price} = 400</msg>
<status status="PASS" starttime="20230526 15:22:55.649" endtime="20230526 15:22:56.671"/>
</kw>
<msg timestamp="20230526 15:22:56.671" level="INFO">${cart_product_info} = ['Apple monitor 24', '400']</msg>
<status status="PASS" starttime="20230526 15:22:54.630" endtime="20230526 15:22:56.671"/>
</kw>
<kw name="Should Be Equal As Strings" library="BuiltIn">
<arg>${product_info['name']}</arg>
<arg>${cart_product_info['name']}</arg>
<doc>Fails if objects are unequal after converting them to strings.</doc>
<msg timestamp="20230526 15:22:56.673" level="FAIL">Resolving variable '${cart_product_info['name']}' failed: TypeError: list indices must be integers or slices, not str</msg>
<status status="FAIL" starttime="20230526 15:22:56.672" endtime="20230526 15:22:56.673"/>
</kw>
<kw name="Should Be Equal As Strings" library="BuiltIn">
<arg>${product_info['price']}</arg>
<arg>${cart_product_info['price']}</arg>
<doc>Fails if objects are unequal after converting them to strings.</doc>
<status status="NOT RUN" starttime="20230526 15:22:56.674" endtime="20230526 15:22:56.674"/>
</kw>
<kw name="Capture Page Screenshot" library="SeleniumLibrary">
<doc>Takes a screenshot of the current page and embeds it into a log file.</doc>
<status status="NOT RUN" starttime="20230526 15:22:56.674" endtime="20230526 15:22:56.674"/>
</kw>
<kw name="Close All Browsers" library="SeleniumLibrary" type="TEARDOWN">
<doc>Closes all open browsers and resets the browser cache.</doc>
<status status="PASS" starttime="20230526 15:22:56.675" endtime="20230526 15:22:59.243"/>
</kw>
<tag>screenshot</tag>
<status status="FAIL" starttime="20230526 15:22:27.704" endtime="20230526 15:22:59.244">Resolving variable '${cart_product_info['name']}' failed: TypeError: list indices must be integers or slices, not str</status>
</test>
<status status="FAIL" starttime="20230526 15:22:27.542" endtime="20230526 15:22:59.246"/>
</suite>
<statistics>
<total>
<stat pass="0" fail="1" skip="0">All Tests</stat>
</total>
<tag>
<stat pass="0" fail="1" skip="0">screenshot</stat>
</tag>
<suite>
<stat pass="0" fail="1" skip="0" id="s1" name="Test Cases">Test Cases</stat>
</suite>
</statistics>
<errors>
</errors>
</robot>
