<?xml version="1.0" encoding="UTF-8"?>
<robot generator="Robot 6.0.2 (Python 3.11.2 on win32)" generated="20230521 22:04:48.451" rpa="false" schemaversion="3">
<suite id="s1" name="Test Cases" source="c:\Users\Grigorii_Shakhin\Documents\Python Scripts\TA_python_epam\homeworks\grigorii_shakhin_ta_python\module16\test_cases.robot">
<test id="s1-t1" name="Test Add Product To Cart" line="24">
<kw name="Open Browser" library="SeleniumLibrary">
<arg>https://www.demoblaze.com/</arg>
<arg>Chrome</arg>
<doc>Opens a new browser instance to the optional ``url``.</doc>
<msg timestamp="20230521 22:04:48.618" level="INFO">Opening browser 'Chrome' to base url 'https://www.demoblaze.com/'.</msg>
<status status="PASS" starttime="20230521 22:04:48.617" endtime="20230521 22:04:50.907"/>
</kw>
<kw name="Set Selenium Speed" library="SeleniumLibrary">
<arg>0.5s</arg>
<doc>Sets the delay that is waited after each Selenium command.</doc>
<status status="PASS" starttime="20230521 22:04:50.908" endtime="20230521 22:04:50.909"/>
</kw>
<kw name="Maximize Browser Window" library="SeleniumLibrary">
<doc>Maximizes current browser window.</doc>
<status status="PASS" starttime="20230521 22:04:50.909" endtime="20230521 22:04:51.532"/>
</kw>
<kw name="Click Login Button">
<kw name="Click Element" library="SeleniumLibrary">
<arg>css=#login2</arg>
<doc>Click the element identified by ``locator``.</doc>
<msg timestamp="20230521 22:04:51.533" level="INFO">Clicking element 'css=#login2'.</msg>
<status status="PASS" starttime="20230521 22:04:51.533" endtime="20230521 22:04:52.571"/>
</kw>
<status status="PASS" starttime="20230521 22:04:51.532" endtime="20230521 22:04:52.571"/>
</kw>
<kw name="Wait Until Element Is Visible" library="SeleniumLibrary">
<arg>css=#loginusername</arg>
<doc>Waits until the element ``locator`` is visible.</doc>
<status status="PASS" starttime="20230521 22:04:52.572" endtime="20230521 22:04:53.593"/>
</kw>
<kw name="Wait Until Element Is Visible" library="SeleniumLibrary">
<arg>css=#loginpassword</arg>
<doc>Waits until the element ``locator`` is visible.</doc>
<status status="PASS" starttime="20230521 22:04:53.593" endtime="20230521 22:04:54.610"/>
</kw>
<kw name="Login">
<kw name="Input Text" library="SeleniumLibrary">
<arg>css=#loginusername</arg>
<arg>${user_login}</arg>
<doc>Types the given ``text`` into the text field identified by ``locator``.</doc>
<msg timestamp="20230521 22:04:54.612" level="INFO">Typing text 'gryundelb@gmail.com' into text field 'css=#loginusername'.</msg>
<status status="PASS" starttime="20230521 22:04:54.611" endtime="20230521 22:04:56.171"/>
</kw>
<kw name="Input Text" library="SeleniumLibrary">
<arg>css=#loginpassword</arg>
<arg>${user_password}</arg>
<doc>Types the given ``text`` into the text field identified by ``locator``.</doc>
<msg timestamp="20230521 22:04:56.172" level="INFO">Typing text 'Password1' into text field 'css=#loginpassword'.</msg>
<status status="PASS" starttime="20230521 22:04:56.171" endtime="20230521 22:04:57.728"/>
</kw>
<kw name="Click Button" library="SeleniumLibrary">
<arg>//button[text()='Log in']</arg>
<doc>Clicks the button identified by ``locator``.</doc>
<msg timestamp="20230521 22:04:57.729" level="INFO">Clicking button '//button[text()='Log in']'.</msg>
<status status="PASS" starttime="20230521 22:04:57.728" endtime="20230521 22:05:00.278"/>
</kw>
<status status="PASS" starttime="20230521 22:04:54.610" endtime="20230521 22:05:00.278"/>
</kw>
<kw name="Open Monitors Category">
<kw name="Click Link" library="SeleniumLibrary">
<arg>//a[text()='Monitors']</arg>
<doc>Clicks a link identified by ``locator``.</doc>
<msg timestamp="20230521 22:05:00.279" level="INFO">Clicking link '//a[text()='Monitors']'.</msg>
<status status="PASS" starttime="20230521 22:05:00.279" endtime="20230521 22:05:02.370"/>
</kw>
<status status="PASS" starttime="20230521 22:05:00.279" endtime="20230521 22:05:02.370"/>
</kw>
<kw name="Get Highest Price Monitor">
<var>${product_info}</var>
<kw name="Wait Until Element Is Visible" library="SeleniumLibrary">
<arg>xpath=//*[text()='$400']</arg>
<arg>timeout=10s</arg>
<doc>Waits until the element ``locator`` is visible.</doc>
<status status="PASS" starttime="20230521 22:05:02.371" endtime="20230521 22:05:03.388"/>
</kw>
<kw name="Get WebElements" library="SeleniumLibrary">
<var>${products}</var>
<arg>css=.card</arg>
<doc>Returns a list of WebElement objects matching the ``locator``.</doc>
<msg timestamp="20230521 22:05:03.897" level="INFO">${products} = [&lt;selenium.webdriver.remote.webelement.WebElement (session="88e3cb600ff05c10d845c2f99d84edbe", element="45cb99a1-6b87-4b6b-8b63-4a792e425537")&gt;, &lt;selenium.webdriver.remote.webelement.WebElement (sessi...</msg>
<status status="PASS" starttime="20230521 22:05:03.388" endtime="20230521 22:05:03.897"/>
</kw>
<kw name="Set Variable" library="BuiltIn">
<var>${highest_price}</var>
<arg>-1</arg>
<doc>Returns the given values which can then be assigned to a variables.</doc>
<msg timestamp="20230521 22:05:03.897" level="INFO">${highest_price} = -1</msg>
<status status="PASS" starttime="20230521 22:05:03.897" endtime="20230521 22:05:03.898"/>
</kw>
<kw name="Set Variable" library="BuiltIn">
<var>${highest_price_product}</var>
<arg>None</arg>
<doc>Returns the given values which can then be assigned to a variables.</doc>
<msg timestamp="20230521 22:05:03.898" level="INFO">${highest_price_product} = None</msg>
<status status="PASS" starttime="20230521 22:05:03.898" endtime="20230521 22:05:03.898"/>
</kw>
<for flavor="IN">
<var>${product}</var>
<value>@{products}</value>
<iter>
<var name="${product}">&lt;selenium.webdriver.remote.webelement.WebElement (session="88e3cb600ff05c10d845c2f99d84edbe", element="45cb99a1-6b87-4b6b-8b63-4a792e425537")&gt;</var>
<kw name="Get Text" library="SeleniumLibrary">
<var>${product}</var>
<arg>xpath=.//h5</arg>
<doc>Returns the text value of the element identified by ``locator``.</doc>
<msg timestamp="20230521 22:05:04.917" level="INFO">${product} = </msg>
<status status="PASS" starttime="20230521 22:05:03.898" endtime="20230521 22:05:04.917"/>
</kw>
<kw name="Convert To Number" library="BuiltIn">
<var>${price}</var>
<arg>${product[1:]}</arg>
<doc>Converts the given item to a floating point number.</doc>
<msg timestamp="20230521 22:05:04.918" level="FAIL">'' cannot be converted to a floating point number: ValueError: could not convert string to float: ''</msg>
<status status="FAIL" starttime="20230521 22:05:04.917" endtime="20230521 22:05:04.919"/>
</kw>
<if>
<branch type="IF" condition="${price} &gt; ${highest_price}">
<kw name="Set Variable" library="BuiltIn">
<var>${highest_price}</var>
<arg>${price}</arg>
<doc>Returns the given values which can then be assigned to a variables.</doc>
<status status="NOT RUN" starttime="20230521 22:05:04.919" endtime="20230521 22:05:04.919"/>
</kw>
<kw name="Set Variable" library="BuiltIn">
<var>${highest_price_product}</var>
<arg>${product}</arg>
<doc>Returns the given values which can then be assigned to a variables.</doc>
<status status="NOT RUN" starttime="20230521 22:05:04.919" endtime="20230521 22:05:04.919"/>
</kw>
<status status="NOT RUN" starttime="20230521 22:05:04.919" endtime="20230521 22:05:04.920"/>
</branch>
<status status="NOT RUN" starttime="20230521 22:05:04.919" endtime="20230521 22:05:04.920"/>
</if>
<status status="FAIL" starttime="20230521 22:05:03.898" endtime="20230521 22:05:04.920"/>
</iter>
<status status="FAIL" starttime="20230521 22:05:03.898" endtime="20230521 22:05:04.920"/>
</for>
<if>
<branch type="IF" condition="${highest_price_product} is not ${None}">
<kw name="Get Text" library="SeleniumLibrary">
<var>${highest_price_product_name}</var>
<arg>xpath=${highest_price_product}//h4</arg>
<doc>Returns the text value of the element identified by ``locator``.</doc>
<status status="NOT RUN" starttime="20230521 22:05:04.920" endtime="20230521 22:05:04.920"/>
</kw>
<kw name="Get Text" library="SeleniumLibrary">
<var>${highest_price_product_price}</var>
<arg>xpath=${highest_price_product}//h5</arg>
<doc>Returns the text value of the element identified by ``locator``.</doc>
<status status="NOT RUN" starttime="20230521 22:05:04.920" endtime="20230521 22:05:04.920"/>
</kw>
<kw name="Click Element" library="SeleniumLibrary">
<arg>xpath=${highest_price_product}//h4</arg>
<doc>Click the element identified by ``locator``.</doc>
<status status="NOT RUN" starttime="20230521 22:05:04.921" endtime="20230521 22:05:04.921"/>
</kw>
<kw name="Wait Until Element Is Visible" library="SeleniumLibrary">
<arg>css=h2.name</arg>
<arg>timeout=10s</arg>
<doc>Waits until the element ``locator`` is visible.</doc>
<status status="NOT RUN" starttime="20230521 22:05:04.921" endtime="20230521 22:05:04.921"/>
</kw>
<kw name="Create Dictionary" library="BuiltIn">
<var>${result}</var>
<arg>name=${highest_price_product_name}</arg>
<arg>price=${highest_price_product_price[1:]}</arg>
<doc>Creates and returns a dictionary based on the given ``items``.</doc>
<status status="NOT RUN" starttime="20230521 22:05:04.921" endtime="20230521 22:05:04.921"/>
</kw>
<kw name="[Return]">
<arg>${result}</arg>
<status status="NOT RUN" starttime="20230521 22:05:04.923" endtime="20230521 22:05:04.923"/>
</kw>
<status status="NOT RUN" starttime="20230521 22:05:04.920" endtime="20230521 22:05:04.923"/>
</branch>
<status status="NOT RUN" starttime="20230521 22:05:04.920" endtime="20230521 22:05:04.923"/>
</if>
<status status="FAIL" starttime="20230521 22:05:02.371" endtime="20230521 22:05:04.924"/>
</kw>
<kw name="Click Add To Cart Button">
<status status="NOT RUN" starttime="20230521 22:05:04.924" endtime="20230521 22:05:04.924"/>
</kw>
<kw name="Click Cart Button">
<status status="NOT RUN" starttime="20230521 22:05:04.925" endtime="20230521 22:05:04.925"/>
</kw>
<kw name="Wait Until Element Is Visible" library="SeleniumLibrary">
<arg>css=.success</arg>
<doc>Waits until the element ``locator`` is visible.</doc>
<status status="NOT RUN" starttime="20230521 22:05:04.925" endtime="20230521 22:05:04.925"/>
</kw>
<kw name="Get Product Info">
<var>${cart_product_info}</var>
<status status="NOT RUN" starttime="20230521 22:05:04.926" endtime="20230521 22:05:04.926"/>
</kw>
<kw name="Should Be Equal As Strings" library="BuiltIn">
<arg>${product_info['name']}</arg>
<arg>${cart_product_info['name']}</arg>
<doc>Fails if objects are unequal after converting them to strings.</doc>
<status status="NOT RUN" starttime="20230521 22:05:04.926" endtime="20230521 22:05:04.926"/>
</kw>
<kw name="Should Be Equal As Strings" library="BuiltIn">
<arg>${product_info['price']}</arg>
<arg>${cart_product_info['price']}</arg>
<doc>Fails if objects are unequal after converting them to strings.</doc>
<status status="NOT RUN" starttime="20230521 22:05:04.927" endtime="20230521 22:05:04.927"/>
</kw>
<kw name="Capture Page Screenshot" library="SeleniumLibrary">
<doc>Takes a screenshot of the current page and embeds it into a log file.</doc>
<status status="NOT RUN" starttime="20230521 22:05:04.927" endtime="20230521 22:05:04.927"/>
</kw>
<tag>screenshot</tag>
<status status="FAIL" starttime="20230521 22:04:48.616" endtime="20230521 22:05:04.928">'' cannot be converted to a floating point number: ValueError: could not convert string to float: ''</status>
</test>
<kw name="Close All Browsers" library="SeleniumLibrary" type="TEARDOWN">
<doc>Closes all open browsers and resets the browser cache.</doc>
<status status="PASS" starttime="20230521 22:05:04.929" endtime="20230521 22:05:07.501"/>
</kw>
<status status="FAIL" starttime="20230521 22:04:48.455" endtime="20230521 22:05:07.501"/>
</suite>
<statistics>
<total>
<stat pass="0" fail="1" skip="0">All Tests</stat>
</total>
<tag>
<stat pass="0" fail="1" skip="0">screenshot</stat>
</tag>
<suite>
<stat pass="0" fail="1" skip="0" id="s1" name="Test Cases">Test Cases</stat>
</suite>
</statistics>
<errors>
</errors>
</robot>
